<?xml version="1.0" encoding="UTF-8"?>
<testsuite xmlns:xsi="http://www.w3.org/2001/XMLSchema-instance" xsi:schemaLocation="https://maven.apache.org/surefire/maven-surefire-plugin/xsd/surefire-test-report.xsd" name="TestSuite" time="9.293" tests="7" errors="0" skipped="0" failures="1">
  <properties>
    <property name="java.runtime.name" value="OpenJDK Runtime Environment"/>
    <property name="java.vm.version" value="14+36"/>
    <property name="sun.boot.library.path" value="/Library/Java/JavaVirtualMachines/zulu-14.jdk/Contents/Home/lib"/>
    <property name="maven.multiModuleProjectDirectory" value="/Volumes/RaNa/Sindhu_Traninig/SDET-Training/QAtoQE_Framework"/>
    <property name="java.vm.vendor" value="Azul Systems, Inc."/>
    <property name="java.vendor.url" value="http://www.azulsystems.com/"/>
    <property name="path.separator" value=":"/>
    <property name="guice.disable.misplaced.annotation.check" value="true"/>
    <property name="java.vm.name" value="OpenJDK 64-Bit Server VM"/>
    <property name="user.country" value="US"/>
    <property name="sun.java.launcher" value="SUN_STANDARD"/>
    <property name="java.vm.specification.name" value="Java Virtual Machine Specification"/>
    <property name="user.dir" value="/Volumes/RaNa/Sindhu_Traninig/SDET-Training/QAtoQE_Framework"/>
    <property name="java.vm.compressedOopsMode" value="Zero based"/>
    <property name="java.runtime.version" value="14+36"/>
    <property name="os.arch" value="x86_64"/>
    <property name="java.io.tmpdir" value="/var/folders/k0/x47hrjj112b83wbpdskmqn380000gn/T/"/>
    <property name="line.separator" value="&#10;"/>
    <property name="java.vm.specification.vendor" value="Oracle Corporation"/>
    <property name="os.name" value="Mac OS X"/>
    <property name="classworlds.conf" value="/Volumes/RaNa/Sindhu_Traninig/apache-maven-3.8.1/bin/m2.conf"/>
    <property name="sun.jnu.encoding" value="UTF-8"/>
    <property name="java.library.path" value="/Users/RaNa/Library/Java/Extensions:/Library/Java/Extensions:/Network/Library/Java/Extensions:/System/Library/Java/Extensions:/usr/lib/java:."/>
    <property name="maven.conf" value="/Volumes/RaNa/Sindhu_Traninig/apache-maven-3.8.1/conf"/>
    <property name="jdk.debug" value="release"/>
    <property name="java.class.version" value="58.0"/>
    <property name="java.specification.name" value="Java Platform API Specification"/>
    <property name="sun.management.compiler" value="HotSpot 64-Bit Tiered Compilers"/>
    <property name="os.version" value="10.15.7"/>
    <property name="library.jansi.path" value="/Volumes/RaNa/Sindhu_Traninig/apache-maven-3.8.1/lib/jansi-native"/>
    <property name="user.home" value="/Users/RaNa"/>
    <property name="user.timezone" value="America/Chicago"/>
    <property name="file.encoding" value="UTF-8"/>
    <property name="java.specification.version" value="14"/>
    <property name="user.name" value="RaNa"/>
    <property name="java.class.path" value="/Volumes/RaNa/Sindhu_Traninig/apache-maven-3.8.1/boot/plexus-classworlds-2.6.0.jar"/>
    <property name="java.vm.specification.version" value="14"/>
    <property name="sun.arch.data.model" value="64"/>
    <property name="sun.java.command" value="org.codehaus.plexus.classworlds.launcher.Launcher verify"/>
    <property name="java.home" value="/Library/Java/JavaVirtualMachines/zulu-14.jdk/Contents/Home"/>
    <property name="user.language" value="en"/>
    <property name="java.specification.vendor" value="Oracle Corporation"/>
    <property name="java.vm.info" value="mixed mode, sharing"/>
    <property name="java.version" value="14"/>
    <property name="java.vendor" value="Azul Systems, Inc."/>
    <property name="maven.home" value="/Volumes/RaNa/Sindhu_Traninig/apache-maven-3.8.1"/>
    <property name="file.separator" value="/"/>
    <property name="java.version.date" value="2020-03-17"/>
    <property name="java.vendor.url.bug" value="http://www.azulsystems.com/support/"/>
    <property name="sun.io.unicode.encoding" value="UnicodeBig"/>
    <property name="sun.cpu.endian" value="little"/>
    <property name="java.vendor.version" value="Zulu14.27+1-CA"/>
  </properties>
  <testcase name="gmailAPITest" classname="newGmailAPI.newGmailAPITest" time="4.585"/>
  <testcase name="runScenario" classname="SmokeTests.cucumberRunnerTest" time="0.586">
    <failure message="expected [201] but found [200]" type="java.lang.AssertionError">java.lang.AssertionError: expected [201] but found [200]
</failure>
    <system-out><![CDATA[
@smokeAPI @TC001
Scenario: Creating GET Call for single user      # src/main/resources/features/reqresAPI.feature:5
  Given I am baseURI of the reqres application   # stepDefinations.reqresAPISteps.iAmBaseURIOfTheApplication()
  When I passing endpoints for  single user      # stepDefinations.reqresAPISteps.iPassingEndpointsForSingleUser()
  Then I validate the status code as 201         # stepDefinations.reqresAPISteps.iValidateTheStatusCode(int)
      java.lang.AssertionError: expected [201] but found [200]
	at org.testng.Assert.fail(Assert.java:97)
	at org.testng.Assert.assertEqualsImpl(Assert.java:136)
	at org.testng.Assert.assertEquals(Assert.java:118)
	at org.testng.Assert.assertEquals(Assert.java:839)
	at org.testng.Assert.assertEquals(Assert.java:849)
	at stepDefinations.reqresAPISteps.iValidateTheStatusCode(reqresAPISteps.java:109)
	at âœ½.I validate the status code as 201(file:///Volumes/RaNa/Sindhu_Traninig/SDET-Training/QAtoQE_Framework/src/main/resources/features/reqresAPI.feature:8)

  And I validate email as janet.weaver@reqres.in # stepDefinations.reqresAPISteps.iValidateEmailAsJanetWeaverReqresIn(java.lang.String)
]]></system-out>
  </testcase>
  <testcase name="runScenario" classname="SmokeTests.cucumberRunnerTest" time="0.387"/>
  <testcase name="runScenario" classname="SmokeTests.cucumberRunnerTest" time="0.614"/>
  <testcase name="runScenario" classname="SmokeTests.cucumberRunnerTest" time="0.471"/>
  <testcase name="runScenario" classname="SmokeTests.cucumberRunnerTest" time="0.58"/>
  <testcase name="runScenario" classname="SmokeTests.cucumberRunnerTest" time="0.424"/>
</testsuite>