<?xml version="1.0" encoding="UTF-8"?>
<!-- Generated by org.testng.reporters.JUnitReportReporter -->
<testsuite hostname="raj.local" failures="0" tests="6" name="Smoketests.cucumberRunnerTest" time="7.548" errors="0" timestamp="2021-09-24T18:43:44 CDT" skipped="0">
  <testcase classname="Smoketests.cucumberRunnerTest" name="runScenario" time="5.408"/>
  <system-out/>
  <testcase classname="Smoketests.cucumberRunnerTest" name="runScenario" time="0.233"/>
  <system-out/>
  <testcase classname="Smoketests.cucumberRunnerTest" name="runScenario" time="0.401"/>
  <system-out/>
  <testcase classname="Smoketests.cucumberRunnerTest" name="runScenario" time="0.420"/>
  <system-out/>
  <testcase classname="Smoketests.cucumberRunnerTest" name="runScenario" time="0.414"/>
  <system-out/>
  <testcase classname="Smoketests.cucumberRunnerTest" name="runScenario" time="0.672"/>
  <system-out/>
</testsuite> <!-- Smoketests.cucumberRunnerTest -->
