<?xml version="1.0" encoding="UTF-8"?>
<!-- Generated by org.testng.reporters.JUnitReportReporter -->
<testsuite hostname="raj.local" failures="0" tests="6" name="SmokeTests.cucumberRunnerTest" time="13.607" errors="0" timestamp="2021-09-15T21:50:13 CDT" skipped="0">
  <testcase classname="SmokeTests.cucumberRunnerTest" name="runScenario" time="0.653"/>
  <system-out/>
  <testcase classname="SmokeTests.cucumberRunnerTest" name="runScenario" time="10.372"/>
  <system-out/>
  <testcase classname="SmokeTests.cucumberRunnerTest" name="runScenario" time="0.451"/>
  <system-out/>
  <testcase classname="SmokeTests.cucumberRunnerTest" name="runScenario" time="0.432"/>
  <system-out/>
  <testcase classname="SmokeTests.cucumberRunnerTest" name="runScenario" time="0.977"/>
  <system-out/>
  <testcase classname="SmokeTests.cucumberRunnerTest" name="runScenario" time="0.722"/>
  <system-out/>
</testsuite> <!-- SmokeTests.cucumberRunnerTest -->
