<?xml version="1.0" encoding="UTF-8"?>
<!-- Generated by org.testng.reporters.JUnitReportReporter -->
<testsuite hostname="raj.local" failures="0" tests="1" name="newGmailAPI.newGmailAPITest" time="4.565" errors="0" timestamp="2021-09-21T20:52:47 CDT" skipped="0">
  <testcase classname="newGmailAPI.newGmailAPITest" name="gmailAPITest" time="4.565"/>
  <system-out/>
</testsuite> <!-- newGmailAPI.newGmailAPITest -->
