<?xml version="1.0" encoding="UTF-8"?>
<!-- Generated by org.testng.reporters.JUnitReportReporter -->
<testsuite hostname="raj.local" failures="0" tests="6" name="SmokeTests.cucumberRunnerTest" time="35.536" errors="0" timestamp="2021-09-21T20:18:03 CDT" skipped="0">
  <testcase classname="SmokeTests.cucumberRunnerTest" name="runScenario" time="1.993"/>
  <system-out/>
  <testcase classname="SmokeTests.cucumberRunnerTest" name="runScenario" time="0.856"/>
  <system-out/>
  <testcase classname="SmokeTests.cucumberRunnerTest" name="runScenario" time="0.906"/>
  <system-out/>
  <testcase classname="SmokeTests.cucumberRunnerTest" name="runScenario" time="0.711"/>
  <system-out/>
  <testcase classname="SmokeTests.cucumberRunnerTest" name="runScenario" time="30.070"/>
  <system-out/>
  <testcase classname="SmokeTests.cucumberRunnerTest" name="runScenario" time="1.000"/>
  <system-out/>
</testsuite> <!-- SmokeTests.cucumberRunnerTest -->
