<?xml version="1.0" encoding="UTF-8"?>
<!-- Generated by org.testng.reporters.JUnitXMLReporter -->
<testsuite ignored="0" hostname="raj.local" failures="0" tests="1" name="test-1" time="45.518" errors="0" timestamp="2021-09-14T21:37:33 CDT">
  <testcase classname="Smoketests.smoketest1" name="TC001" time="25.177"/>
</testsuite> <!-- test-1 -->
