<?xml version="1.0" encoding="UTF-8"?>
<!-- Generated by org.testng.reporters.JUnitXMLReporter -->
<testsuite ignored="0" hostname="raj.local" failures="0" tests="1" name="test-2" time="43.589" errors="0" timestamp="2021-09-14T21:37:31 CDT">
  <testcase classname="SmokeTests.smokeTest2" name="TC001" time="6.96"/>
</testsuite> <!-- test-2 -->
