<?xml version="1.0" encoding="UTF-8"?>
<!-- Generated by org.testng.reporters.JUnitReportReporter -->
<testsuite hostname="raj.local" failures="0" tests="1" name="SmokeTests.smoketest2" time="6.960" errors="0" timestamp="2021-09-14T21:37:34 CDT" skipped="0">
  <testcase classname="SmokeTests.smoketest2" name="TC001" time="6.960"/>
  <system-out/>
</testsuite> <!-- SmokeTests.smoketest2 -->
